[2025-03-22 05:41:08] Customer email sent successfully to: tariq.stsindia@gmail.com
[2025-03-22 05:41:10] Admin email sent successfully to: care@orek.in
[2025-04-20 17:00:21] COD Order: Customer email sent successfully to: tariq.stsindia@gmail.com
[2025-04-20 17:00:23] COD Order: Admin email sent successfully to: orekorder@gmail.com
[2025-04-30 06:13:01] COD Order: Customer email sent successfully to: kashifahmadkabir@gmail.com
[2025-04-30 06:13:03] COD Order: Admin email sent successfully to: orekorder@gmail.com
[2025-04-30 11:27:02] COD Order: Customer email sent successfully to: kashifahmadkabir@gmail.com
[2025-04-30 11:27:04] COD Order: Admin email sent successfully to: orekorder@gmail.com
[2025-05-01 07:41:10] COD Order: Customer email sent successfully to: kashifahmadkabir@gmail.com
[2025-05-01 07:41:13] COD Order: Admin email sent successfully to: orekorder@gmail.com
[2025-05-01 09:50:26] COD Order: Customer email sent successfully to: kashifahmadkabir@gmail.com
[2025-05-01 09:50:29] COD Order: Admin email sent successfully to: orekorder@gmail.com
[2025-05-01 09:51:55] COD Order: Customer email sent successfully to: kashifahmadkabir@gmail.com
[2025-05-01 09:51:58] COD Order: Admin email sent successfully to: orekorder@gmail.com
[2025-05-01 09:57:41] COD Order: Customer email sent successfully to: kashifahmadkabir@gmail.com
[2025-05-01 09:57:44] COD Order: Admin email sent successfully to: orekorder@gmail.com
[2025-05-08 11:39:37] COD Order: Customer email sent successfully to: kashifahmadkabir@gmail.com
[2025-05-08 11:39:39] COD Order: Admin email sent successfully to: orekorder@gmail.com
[2025-05-08 11:41:24] COD Order: Customer email sent successfully to: kashifahmadkabir@gmail.com
[2025-05-08 11:41:26] COD Order: Admin email sent successfully to: orekorder@gmail.com
[2025-05-10 09:20:18] COD Order: Customer email sent successfully to: kashifahmadkabir@gmail.com
[2025-05-10 09:20:20] COD Order: Admin email sent successfully to: orekorder@gmail.com
[2025-05-10 12:23:42] COD Order: Customer email sent successfully to: kashifahmadkabir@gmail.com
[2025-05-10 12:23:44] COD Order: Admin email sent successfully to: orekorder@gmail.com
[2025-05-10 12:28:26] COD Order: Customer email sent successfully to: kashifahmadkabir@gmail.com
[2025-05-10 12:28:28] COD Order: Admin email sent successfully to: orekorder@gmail.com
[2025-05-10 12:35:38] COD Order: Customer email sent successfully to: kashifahmadkabir@gmail.com
[2025-05-10 12:35:41] COD Order: Admin email sent successfully to: orekorder@gmail.com
[2025-05-10 12:36:31] COD Order: Customer email sent successfully to: kashifahmadkabir@gmail.com
[2025-05-10 12:36:34] COD Order: Admin email sent successfully to: orekorder@gmail.com
[2025-05-12 05:36:14] COD Order: Customer email sent successfully to: kashifahmadkabir@gmail.com
[2025-05-12 05:36:17] COD Order: Admin email sent successfully to: orekorder@gmail.com
[2025-05-12 06:01:25] COD Order: Customer email sent successfully to: kashifahmadkabir@gmail.com
[2025-05-12 06:01:32] COD Order: Admin email sent successfully to: orekorder@gmail.com
[2025-05-12 06:22:18] COD Order: Customer email sent successfully to: kashifahmadkabir@gmail.com
[2025-05-12 06:22:22] COD Order: Admin email sent successfully to: orekorder@gmail.com
[2025-05-12 06:48:56] COD Order: Customer email sent successfully to: kashifahmadkabir@gmail.com
[2025-05-12 06:48:58] COD Order: Admin email sent successfully to: orekorder@gmail.com
